<?xml version="1.0" encoding="UTF-8" ?>
<testsuite tests="11" failures="0" name="runners.TestRunners" time="30.529" errors="2" skipped="0">
  <properties>
[...]
</properties>
  <testcase classname="Create Customer" name="Validate you can Load HomePage" time="9.347"/>
  <testcase classname="All crud operations on a customer" name="Validate create customer operations are executed successfully #1" time="4.204"/>
  <testcase classname="All crud operations on a customer" name="Validate create customer operations are executed successfully #2" time="1.976"/>
  <testcase classname="All crud operations on a customer" name="Validate create customer operations are executed successfully #3" time="1.567"/>
  <testcase classname="All crud operations on a customer" name="Validate create customer operations are executed successfully #4" time="2.183"/>
  <testcase classname="All crud operations on a customer" name="Validate create customer operations are executed successfully #5" time="1.553">
    <error message="unexpected alert open: {Alert text : Customer added successfully with customer id :6}
  (Session info: chrome=97.0.4692.99): Customer added successfully with customer id :6
Build info: version: &apos;3.141.59&apos;, revision: &apos;e82be7d358&apos;, time: &apos;2018-11-14T08:17:03&apos;
System info: host: &apos;LTTECH1693&apos;, ip: &apos;192.168.8.101&apos;, os.name: &apos;Windows 10&apos;, os.arch: &apos;amd64&apos;, os.version: &apos;10.0&apos;, java.version: &apos;1.8.0_271&apos;
Driver info: org.openqa.selenium.chrome.ChromeDriver
Capabilities {acceptInsecureCerts: false, browserName: chrome, browserVersion: 97.0.4692.99, chrome: {chromedriverVersion: 96.0.4664.45 (76e4c1bb2ab46..., userDataDir: C:\Users\DCHEPK~1\AppData\L...}, goog:chromeOptions: {debuggerAddress: localhost:50334}, javascriptEnabled: true, networkConnectionEnabled: false, pageLoadStrategy: normal, platform: WINDOWS, platformName: WINDOWS, proxy: Proxy(), setWindowRect: true, strictFileInteractability: false, timeouts: {implicit: 0, pageLoad: 300000, script: 30000}, unhandledPromptBehavior: dismiss and notify, webauthn:extension:credBlob: true, webauthn:extension:largeBlob: true, webauthn:virtualAuthenticators: true}
Session ID: 4fa71da455943640c53dcb540d2e98b1
*** Element info: {Using=xpath, value=//*[@ng-model=&apos;fName&apos;]}" type="org.openqa.selenium.UnhandledAlertException">org.openqa.selenium.UnhandledAlertException: unexpected alert open: {Alert text : Customer added successfully with customer id :6}
  (Session info: chrome=97.0.4692.99): Customer added successfully with customer id :6
Build info: version: &apos;3.141.59&apos;, revision: &apos;e82be7d358&apos;, time: &apos;2018-11-14T08:17:03&apos;
System info: host: &apos;LTTECH1693&apos;, ip: &apos;192.168.8.101&apos;, os.name: &apos;Windows 10&apos;, os.arch: &apos;amd64&apos;, os.version: &apos;10.0&apos;, java.version: &apos;1.8.0_271&apos;
Driver info: org.openqa.selenium.chrome.ChromeDriver
Capabilities {acceptInsecureCerts: false, browserName: chrome, browserVersion: 97.0.4692.99, chrome: {chromedriverVersion: 96.0.4664.45 (76e4c1bb2ab46..., userDataDir: C:\Users\DCHEPK~1\AppData\L...}, goog:chromeOptions: {debuggerAddress: localhost:50334}, javascriptEnabled: true, networkConnectionEnabled: false, pageLoadStrategy: normal, platform: WINDOWS, platformName: WINDOWS, proxy: Proxy(), setWindowRect: true, strictFileInteractability: false, timeouts: {implicit: 0, pageLoad: 300000, script: 30000}, unhandledPromptBehavior: dismiss and notify, webauthn:extension:credBlob: true, webauthn:extension:largeBlob: true, webauthn:virtualAuthenticators: true}
Session ID: 4fa71da455943640c53dcb540d2e98b1
*** Element info: {Using=xpath, value=//*[@ng-model=&apos;fName&apos;]}
	at org.openqa.selenium.remote.http.W3CHttpResponseCodec.decode(W3CHttpResponseCodec.java:120)
	at org.openqa.selenium.remote.http.W3CHttpResponseCodec.decode(W3CHttpResponseCodec.java:49)
	at org.openqa.selenium.remote.HttpCommandExecutor.execute(HttpCommandExecutor.java:158)
	at org.openqa.selenium.remote.service.DriverCommandExecutor.execute(DriverCommandExecutor.java:83)
	at org.openqa.selenium.remote.RemoteWebDriver.execute(RemoteWebDriver.java:552)
	at org.openqa.selenium.remote.RemoteWebDriver.findElement(RemoteWebDriver.java:323)
	at org.openqa.selenium.remote.RemoteWebDriver.findElementByXPath(RemoteWebDriver.java:428)
	at org.openqa.selenium.By$ByXPath.findElement(By.java:353)
	at org.openqa.selenium.remote.RemoteWebDriver.findElement(RemoteWebDriver.java:315)
	at stepDefinition.Customer.ValidateCustomerIsCreated(Customer.java:73)
	at ✽.I should get a success &quot;Customer added successfully with customer id&quot; on the operation(file:///C:/Users/dchepkemoi/eclipse-workspace2/Automation/src/test/resources/features/02_Customer.feature:15)
</error>
  </testcase>
  <testcase classname="All crud operations on a customer" name="Validate create customer operations are executed successfully #6" time="1.489">
    <error message="unexpected alert open: {Alert text : Customer added successfully with customer id :7}
  (Session info: chrome=97.0.4692.99): Customer added successfully with customer id :7
Build info: version: &apos;3.141.59&apos;, revision: &apos;e82be7d358&apos;, time: &apos;2018-11-14T08:17:03&apos;
System info: host: &apos;LTTECH1693&apos;, ip: &apos;192.168.8.101&apos;, os.name: &apos;Windows 10&apos;, os.arch: &apos;amd64&apos;, os.version: &apos;10.0&apos;, java.version: &apos;1.8.0_271&apos;
Driver info: org.openqa.selenium.chrome.ChromeDriver
Capabilities {acceptInsecureCerts: false, browserName: chrome, browserVersion: 97.0.4692.99, chrome: {chromedriverVersion: 96.0.4664.45 (76e4c1bb2ab46..., userDataDir: C:\Users\DCHEPK~1\AppData\L...}, goog:chromeOptions: {debuggerAddress: localhost:50334}, javascriptEnabled: true, networkConnectionEnabled: false, pageLoadStrategy: normal, platform: WINDOWS, platformName: WINDOWS, proxy: Proxy(), setWindowRect: true, strictFileInteractability: false, timeouts: {implicit: 0, pageLoad: 300000, script: 30000}, unhandledPromptBehavior: dismiss and notify, webauthn:extension:credBlob: true, webauthn:extension:largeBlob: true, webauthn:virtualAuthenticators: true}
Session ID: 4fa71da455943640c53dcb540d2e98b1
*** Element info: {Using=xpath, value=//*[@ng-model=&apos;fName&apos;]}" type="org.openqa.selenium.UnhandledAlertException">org.openqa.selenium.UnhandledAlertException: unexpected alert open: {Alert text : Customer added successfully with customer id :7}
  (Session info: chrome=97.0.4692.99): Customer added successfully with customer id :7
Build info: version: &apos;3.141.59&apos;, revision: &apos;e82be7d358&apos;, time: &apos;2018-11-14T08:17:03&apos;
System info: host: &apos;LTTECH1693&apos;, ip: &apos;192.168.8.101&apos;, os.name: &apos;Windows 10&apos;, os.arch: &apos;amd64&apos;, os.version: &apos;10.0&apos;, java.version: &apos;1.8.0_271&apos;
Driver info: org.openqa.selenium.chrome.ChromeDriver
Capabilities {acceptInsecureCerts: false, browserName: chrome, browserVersion: 97.0.4692.99, chrome: {chromedriverVersion: 96.0.4664.45 (76e4c1bb2ab46..., userDataDir: C:\Users\DCHEPK~1\AppData\L...}, goog:chromeOptions: {debuggerAddress: localhost:50334}, javascriptEnabled: true, networkConnectionEnabled: false, pageLoadStrategy: normal, platform: WINDOWS, platformName: WINDOWS, proxy: Proxy(), setWindowRect: true, strictFileInteractability: false, timeouts: {implicit: 0, pageLoad: 300000, script: 30000}, unhandledPromptBehavior: dismiss and notify, webauthn:extension:credBlob: true, webauthn:extension:largeBlob: true, webauthn:virtualAuthenticators: true}
Session ID: 4fa71da455943640c53dcb540d2e98b1
*** Element info: {Using=xpath, value=//*[@ng-model=&apos;fName&apos;]}
	at org.openqa.selenium.remote.http.W3CHttpResponseCodec.decode(W3CHttpResponseCodec.java:120)
	at org.openqa.selenium.remote.http.W3CHttpResponseCodec.decode(W3CHttpResponseCodec.java:49)
	at org.openqa.selenium.remote.HttpCommandExecutor.execute(HttpCommandExecutor.java:158)
	at org.openqa.selenium.remote.service.DriverCommandExecutor.execute(DriverCommandExecutor.java:83)
	at org.openqa.selenium.remote.RemoteWebDriver.execute(RemoteWebDriver.java:552)
	at org.openqa.selenium.remote.RemoteWebDriver.findElement(RemoteWebDriver.java:323)
	at org.openqa.selenium.remote.RemoteWebDriver.findElementByXPath(RemoteWebDriver.java:428)
	at org.openqa.selenium.By$ByXPath.findElement(By.java:353)
	at org.openqa.selenium.remote.RemoteWebDriver.findElement(RemoteWebDriver.java:315)
	at stepDefinition.Customer.ValidateCustomerIsCreated(Customer.java:73)
	at ✽.I should get a success &quot;Customer added successfully with customer id&quot; on the operation(file:///C:/Users/dchepkemoi/eclipse-workspace2/Automation/src/test/resources/features/02_Customer.feature:15)
</error>
  </testcase>
  <testcase classname="All crud operations on a bankaccouunt linked to a customer" name="Validate create customer operations are executed successfully #1" time="3.649"/>
  <testcase classname="All crud operations on a bankaccouunt linked to a customer" name="Validate create customer operations are executed successfully #2" time="1.592"/>
  <testcase classname="All crud operations on a bankaccouunt linked to a customer" name="Validate create customer operations are executed successfully #3" time="1.472"/>
  <testcase classname="All crud operations on a bankaccouunt linked to a customer" name="Validate create customer operations are executed successfully #4" time="1.497"/>
</testsuite>